<?xml version="1.0" encoding="UTF-8"?>
<testsuite xmlns:xsi="http://www.w3.org/2001/XMLSchema-instance" xsi:noNamespaceSchemaLocation="https://maven.apache.org/surefire/maven-surefire-plugin/xsd/surefire-test-report-3.0.xsd" version="3.0" name="com.mycompany.e.commercetec.CarritoTest" time="0.276" tests="6" errors="0" skipped="0" failures="0">
  <properties>
[...]
</properties>
  <testcase name="testAgregarMultiplesProductos" classname="com.mycompany.e.commercetec.CarritoTest" time="0.155"/>
  <testcase name="testAgregarProductoNulo" classname="com.mycompany.e.commercetec.CarritoTest" time="0.006"/>
  <testcase name="testRemoverProducto" classname="com.mycompany.e.commercetec.CarritoTest" time="0.005"/>
  <testcase name="testCrearCarritoVacio" classname="com.mycompany.e.commercetec.CarritoTest" time="0.003"/>
  <testcase name="testVaciarCarrito" classname="com.mycompany.e.commercetec.CarritoTest" time="0.004"/>
  <testcase name="testAgregarProducto" classname="com.mycompany.e.commercetec.CarritoTest" time="0.007"/>
</testsuite>